Start testing: May 17 21:41 EDT
----------------------------------------------------------
1/7 Testing: IF signal — range bin accuracy within 1 bin
1/7 Test: IF signal — range bin accuracy within 1 bin
Command: "/home/lvs/data/1_devel/10_claudeCode/05_fmcw/fmcw-thz-radar-sim/build/radar_tests_build/radar_tests" "IF signal — range bin accuracy within 1 bin"
Directory: /home/lvs/data/1_devel/10_claudeCode/05_fmcw/fmcw-thz-radar-sim/build/radar_tests_build
"IF signal — range bin accuracy within 1 bin" start time: May 17 21:41 EDT
Output:
----------------------------------------------------------
Filters: "IF signal — range bin accuracy within 1 bin"
Randomness seeded to: 1665023014
No test cases matched '"IF signal — range bin accuracy within 1 bin"'
===============================================================================
No tests ran

<end of output>
Test time =   0.01 sec
----------------------------------------------------------
Test Failed.
"IF signal — range bin accuracy within 1 bin" end time: May 17 21:41 EDT
"IF signal — range bin accuracy within 1 bin" time elapsed: 00:00:00
----------------------------------------------------------

2/7 Testing: IF signal — output buffer size equals num_samples
2/7 Test: IF signal — output buffer size equals num_samples
Command: "/home/lvs/data/1_devel/10_claudeCode/05_fmcw/fmcw-thz-radar-sim/build/radar_tests_build/radar_tests" "IF signal — output buffer size equals num_samples"
Directory: /home/lvs/data/1_devel/10_claudeCode/05_fmcw/fmcw-thz-radar-sim/build/radar_tests_build
"IF signal — output buffer size equals num_samples" start time: May 17 21:41 EDT
Output:
----------------------------------------------------------
Filters: "IF signal — output buffer size equals num_samples"
Randomness seeded to: 2914007610
No test cases matched '"IF signal — output buffer size equals num_samples"'
===============================================================================
No tests ran

<end of output>
Test time =   0.01 sec
----------------------------------------------------------
Test Failed.
"IF signal — output buffer size equals num_samples" end time: May 17 21:41 EDT
"IF signal — output buffer size equals num_samples" time elapsed: 00:00:00
----------------------------------------------------------

3/7 Testing: IF signal — all samples have unit magnitude
3/7 Test: IF signal — all samples have unit magnitude
Command: "/home/lvs/data/1_devel/10_claudeCode/05_fmcw/fmcw-thz-radar-sim/build/radar_tests_build/radar_tests" "IF signal — all samples have unit magnitude"
Directory: /home/lvs/data/1_devel/10_claudeCode/05_fmcw/fmcw-thz-radar-sim/build/radar_tests_build
"IF signal — all samples have unit magnitude" start time: May 17 21:41 EDT
Output:
----------------------------------------------------------
Filters: "IF signal — all samples have unit magnitude"
Randomness seeded to: 1697261122
No test cases matched '"IF signal — all samples have unit magnitude"'
===============================================================================
No tests ran

<end of output>
Test time =   0.01 sec
----------------------------------------------------------
Test Failed.
"IF signal — all samples have unit magnitude" end time: May 17 21:41 EDT
"IF signal — all samples have unit magnitude" time elapsed: 00:00:00
----------------------------------------------------------

4/7 Testing: IF signal — chirp index shifts slow-time phase
4/7 Test: IF signal — chirp index shifts slow-time phase
Command: "/home/lvs/data/1_devel/10_claudeCode/05_fmcw/fmcw-thz-radar-sim/build/radar_tests_build/radar_tests" "IF signal — chirp index shifts slow-time phase"
Directory: /home/lvs/data/1_devel/10_claudeCode/05_fmcw/fmcw-thz-radar-sim/build/radar_tests_build
"IF signal — chirp index shifts slow-time phase" start time: May 17 21:41 EDT
Output:
----------------------------------------------------------
Filters: "IF signal — chirp index shifts slow-time phase"
Randomness seeded to: 12932888
No test cases matched '"IF signal — chirp index shifts slow-time phase"'
===============================================================================
No tests ran

<end of output>
Test time =   0.01 sec
----------------------------------------------------------
Test Failed.
"IF signal — chirp index shifts slow-time phase" end time: May 17 21:41 EDT
"IF signal — chirp index shifts slow-time phase" time elapsed: 00:00:00
----------------------------------------------------------

5/7 Testing: Micro-Doppler — vibration increases slow-time phase variance
5/7 Test: Micro-Doppler — vibration increases slow-time phase variance
Command: "/home/lvs/data/1_devel/10_claudeCode/05_fmcw/fmcw-thz-radar-sim/build/radar_tests_build/radar_tests" "Micro-Doppler — vibration increases slow-time phase variance"
Directory: /home/lvs/data/1_devel/10_claudeCode/05_fmcw/fmcw-thz-radar-sim/build/radar_tests_build
"Micro-Doppler — vibration increases slow-time phase variance" start time: May 17 21:41 EDT
Output:
----------------------------------------------------------
Filters: "Micro-Doppler — vibration increases slow-time phase variance"
Randomness seeded to: 3585584256
No test cases matched '"Micro-Doppler — vibration increases slow-time phase variance"'
===============================================================================
No tests ran

<end of output>
Test time =   0.01 sec
----------------------------------------------------------
Test Failed.
"Micro-Doppler — vibration increases slow-time phase variance" end time: May 17 21:41 EDT
"Micro-Doppler — vibration increases slow-time phase variance" time elapsed: 00:00:00
----------------------------------------------------------

6/7 Testing: Micro-Doppler — zero amplitude equals static model
6/7 Test: Micro-Doppler — zero amplitude equals static model
Command: "/home/lvs/data/1_devel/10_claudeCode/05_fmcw/fmcw-thz-radar-sim/build/radar_tests_build/radar_tests" "Micro-Doppler — zero amplitude equals static model"
Directory: /home/lvs/data/1_devel/10_claudeCode/05_fmcw/fmcw-thz-radar-sim/build/radar_tests_build
"Micro-Doppler — zero amplitude equals static model" start time: May 17 21:41 EDT
Output:
----------------------------------------------------------
Filters: "Micro-Doppler — zero amplitude equals static model"
Randomness seeded to: 1752940008
No test cases matched '"Micro-Doppler — zero amplitude equals static model"'
===============================================================================
No tests ran

<end of output>
Test time =   0.01 sec
----------------------------------------------------------
Test Failed.
"Micro-Doppler — zero amplitude equals static model" end time: May 17 21:41 EDT
"Micro-Doppler — zero amplitude equals static model" time elapsed: 00:00:00
----------------------------------------------------------

7/7 Testing: Micro-Doppler — larger amplitude increases phase spread
7/7 Test: Micro-Doppler — larger amplitude increases phase spread
Command: "/home/lvs/data/1_devel/10_claudeCode/05_fmcw/fmcw-thz-radar-sim/build/radar_tests_build/radar_tests" "Micro-Doppler — larger amplitude increases phase spread"
Directory: /home/lvs/data/1_devel/10_claudeCode/05_fmcw/fmcw-thz-radar-sim/build/radar_tests_build
"Micro-Doppler — larger amplitude increases phase spread" start time: May 17 21:41 EDT
Output:
----------------------------------------------------------
Filters: "Micro-Doppler — larger amplitude increases phase spread"
Randomness seeded to: 1078054626
No test cases matched '"Micro-Doppler — larger amplitude increases phase spread"'
===============================================================================
No tests ran

<end of output>
Test time =   0.01 sec
----------------------------------------------------------
Test Failed.
"Micro-Doppler — larger amplitude increases phase spread" end time: May 17 21:41 EDT
"Micro-Doppler — larger amplitude increases phase spread" time elapsed: 00:00:00
----------------------------------------------------------

End testing: May 17 21:41 EDT
